<?xml version="1.0" encoding="UTF-8"?>
<testsuite xmlns:xsi="http://www.w3.org/2001/XMLSchema-instance" xsi:noNamespaceSchemaLocation="https://maven.apache.org/surefire/maven-surefire-plugin/xsd/surefire-test-report-3.0.xsd" version="3.0" name="bank.BankAccountTest" time="0.124" tests="7" errors="0" skipped="0" failures="0">
  <properties>
[...]
</properties>
  <testcase name="withdraw_EnoughBalance_ReturnTrue" classname="bank.BankAccountTest" time="0.063"/>
  <testcase name="pending_CorrectParameters_ReturnTrue" classname="bank.BankAccountTest" time="0.005"/>
  <testcase name="withdraw_DoAWithDraw_ReturnTrue" classname="bank.BankAccountTest" time="0.001"/>
  <testcase name="payment_CorrectParameters_ReturnTrue" classname="bank.BankAccountTest" time="0.001"/>
  <testcase name="deposit_PositiveAmount_ReturnTrue" classname="bank.BankAccountTest" time="0.002"/>
  <testcase name="deposit_NegativeAmount_ThrowIllegalArgumentException" classname="bank.BankAccountTest" time="0.004"/>
  <testcase name="withdraw_NotEnoughBalance_ReturnFalse" classname="bank.BankAccountTest" time="0.002"/>
</testsuite>